<?xml version="1.0" encoding="utf-8"?>
<TestRun id="007363df-eb34-4b1d-b403-bf34d90ec5d9" name="@helpthx-X510URR 2021-02-26 19:05:06" xmlns="http://microsoft.com/schemas/VisualStudio/TeamTest/2010">
  <Times creation="2021-02-26T19:05:06.6622442-03:00" queuing="2021-02-26T19:05:06.6622443-03:00" start="2021-02-26T19:05:05.8325618-03:00" finish="2021-02-26T19:05:06.6759953-03:00" />
  <TestSettings name="default" id="26fad9e4-6245-4663-a376-6f4bdd40521e">
    <Deployment runDeploymentRoot="_helpthx-X510URR_2021-02-26_19_05_06" />
  </TestSettings>
  <Results>
    <UnitTestResult executionId="534053a7-926d-4ce1-8cab-5d9e8e5758ac" testId="8158b57c-2d66-8b32-96cb-f229ab2b8992" testName="FetchOnlyRequestedGameRegion(&quot;Andromeda&quot;)" computerName="helpthx-X510URR" duration="00:00:00.0023609" startTime="2021-02-26T19:05:06.0000000-03:00" endTime="2021-02-26T19:05:06.0000000-03:00" testType="13cdc9d9-ddb5-4fa4-a97d-d965ccfc6d4b" outcome="Passed" testListId="8c84fa94-04c1-424b-9868-57a2d4851a1d" relativeResultsDirectory="534053a7-926d-4ce1-8cab-5d9e8e5758ac" />
    <UnitTestResult executionId="19331355-3c8f-4ca3-9839-3d97a89f5c8b" testId="71b55203-9f41-f140-7b8a-b173669f83d5" testName="FetchOnlyRequestedGameRegion(&quot;Messier 82&quot;)" computerName="helpthx-X510URR" duration="00:00:00.0012420" startTime="2021-02-26T19:05:06.0000000-03:00" endTime="2021-02-26T19:05:06.0000000-03:00" testType="13cdc9d9-ddb5-4fa4-a97d-d965ccfc6d4b" outcome="Passed" testListId="8c84fa94-04c1-424b-9868-57a2d4851a1d" relativeResultsDirectory="19331355-3c8f-4ca3-9839-3d97a89f5c8b" />
    <UnitTestResult executionId="91fd9bfa-d593-4b67-b57a-54ec4e20122e" testId="e6aa1db8-79bb-5f9e-f506-6e6015603603" testName="FetchOnlyRequestedGameRegion(&quot;Pinwheel&quot;)" computerName="helpthx-X510URR" duration="00:00:00.0012940" startTime="2021-02-26T19:05:06.0000000-03:00" endTime="2021-02-26T19:05:06.0000000-03:00" testType="13cdc9d9-ddb5-4fa4-a97d-d965ccfc6d4b" outcome="Passed" testListId="8c84fa94-04c1-424b-9868-57a2d4851a1d" relativeResultsDirectory="91fd9bfa-d593-4b67-b57a-54ec4e20122e" />
    <UnitTestResult executionId="e7f76923-6854-42a5-a9ab-ae7404083e75" testId="dd69ca11-8574-49f6-142c-a0d7db5e68b0" testName="FetchOnlyRequestedGameRegion(&quot;NGC 1300&quot;)" computerName="helpthx-X510URR" duration="00:00:00.0011820" startTime="2021-02-26T19:05:06.0000000-03:00" endTime="2021-02-26T19:05:06.0000000-03:00" testType="13cdc9d9-ddb5-4fa4-a97d-d965ccfc6d4b" outcome="Passed" testListId="8c84fa94-04c1-424b-9868-57a2d4851a1d" relativeResultsDirectory="e7f76923-6854-42a5-a9ab-ae7404083e75" />
    <UnitTestResult executionId="104896f2-bd02-49ef-8a1a-195b265c41b5" testId="a665ae80-d9ef-3d21-de02-f9894a2373ef" testName="FetchOnlyRequestedGameRegion(&quot;Milky Way&quot;)" computerName="helpthx-X510URR" duration="00:00:00.0236330" startTime="2021-02-26T19:05:06.0000000-03:00" endTime="2021-02-26T19:05:06.0000000-03:00" testType="13cdc9d9-ddb5-4fa4-a97d-d965ccfc6d4b" outcome="Passed" testListId="8c84fa94-04c1-424b-9868-57a2d4851a1d" relativeResultsDirectory="104896f2-bd02-49ef-8a1a-195b265c41b5" />
  </Results>
  <TestDefinitions>
    <UnitTest name="FetchOnlyRequestedGameRegion(&quot;Milky Way&quot;)" storage="/home/helpthx/mslearn-tailspin-spacegame-web/tailspin.spacegame.web.tests/bin/release/netcoreapp3.1/tailspin.spacegame.web.tests.dll" id="a665ae80-d9ef-3d21-de02-f9894a2373ef">
      <Execution id="104896f2-bd02-49ef-8a1a-195b265c41b5" />
      <TestMethod codeBase="/home/helpthx/mslearn-tailspin-spacegame-web/Tailspin.SpaceGame.Web.Tests/bin/Release/netcoreapp3.1/Tailspin.SpaceGame.Web.Tests.dll" adapterTypeName="executor://nunit3testexecutor/" className="Tests.DocumentDBRepository_GetItemsAsyncShould" name="FetchOnlyRequestedGameRegion(&quot;Milky Way&quot;)" />
    </UnitTest>
    <UnitTest name="FetchOnlyRequestedGameRegion(&quot;NGC 1300&quot;)" storage="/home/helpthx/mslearn-tailspin-spacegame-web/tailspin.spacegame.web.tests/bin/release/netcoreapp3.1/tailspin.spacegame.web.tests.dll" id="dd69ca11-8574-49f6-142c-a0d7db5e68b0">
      <Execution id="e7f76923-6854-42a5-a9ab-ae7404083e75" />
      <TestMethod codeBase="/home/helpthx/mslearn-tailspin-spacegame-web/Tailspin.SpaceGame.Web.Tests/bin/Release/netcoreapp3.1/Tailspin.SpaceGame.Web.Tests.dll" adapterTypeName="executor://nunit3testexecutor/" className="Tests.DocumentDBRepository_GetItemsAsyncShould" name="FetchOnlyRequestedGameRegion(&quot;NGC 1300&quot;)" />
    </UnitTest>
    <UnitTest name="FetchOnlyRequestedGameRegion(&quot;Messier 82&quot;)" storage="/home/helpthx/mslearn-tailspin-spacegame-web/tailspin.spacegame.web.tests/bin/release/netcoreapp3.1/tailspin.spacegame.web.tests.dll" id="71b55203-9f41-f140-7b8a-b173669f83d5">
      <Execution id="19331355-3c8f-4ca3-9839-3d97a89f5c8b" />
      <TestMethod codeBase="/home/helpthx/mslearn-tailspin-spacegame-web/Tailspin.SpaceGame.Web.Tests/bin/Release/netcoreapp3.1/Tailspin.SpaceGame.Web.Tests.dll" adapterTypeName="executor://nunit3testexecutor/" className="Tests.DocumentDBRepository_GetItemsAsyncShould" name="FetchOnlyRequestedGameRegion(&quot;Messier 82&quot;)" />
    </UnitTest>
    <UnitTest name="FetchOnlyRequestedGameRegion(&quot;Pinwheel&quot;)" storage="/home/helpthx/mslearn-tailspin-spacegame-web/tailspin.spacegame.web.tests/bin/release/netcoreapp3.1/tailspin.spacegame.web.tests.dll" id="e6aa1db8-79bb-5f9e-f506-6e6015603603">
      <Execution id="91fd9bfa-d593-4b67-b57a-54ec4e20122e" />
      <TestMethod codeBase="/home/helpthx/mslearn-tailspin-spacegame-web/Tailspin.SpaceGame.Web.Tests/bin/Release/netcoreapp3.1/Tailspin.SpaceGame.Web.Tests.dll" adapterTypeName="executor://nunit3testexecutor/" className="Tests.DocumentDBRepository_GetItemsAsyncShould" name="FetchOnlyRequestedGameRegion(&quot;Pinwheel&quot;)" />
    </UnitTest>
    <UnitTest name="FetchOnlyRequestedGameRegion(&quot;Andromeda&quot;)" storage="/home/helpthx/mslearn-tailspin-spacegame-web/tailspin.spacegame.web.tests/bin/release/netcoreapp3.1/tailspin.spacegame.web.tests.dll" id="8158b57c-2d66-8b32-96cb-f229ab2b8992">
      <Execution id="534053a7-926d-4ce1-8cab-5d9e8e5758ac" />
      <TestMethod codeBase="/home/helpthx/mslearn-tailspin-spacegame-web/Tailspin.SpaceGame.Web.Tests/bin/Release/netcoreapp3.1/Tailspin.SpaceGame.Web.Tests.dll" adapterTypeName="executor://nunit3testexecutor/" className="Tests.DocumentDBRepository_GetItemsAsyncShould" name="FetchOnlyRequestedGameRegion(&quot;Andromeda&quot;)" />
    </UnitTest>
  </TestDefinitions>
  <TestEntries>
    <TestEntry testId="8158b57c-2d66-8b32-96cb-f229ab2b8992" executionId="534053a7-926d-4ce1-8cab-5d9e8e5758ac" testListId="8c84fa94-04c1-424b-9868-57a2d4851a1d" />
    <TestEntry testId="71b55203-9f41-f140-7b8a-b173669f83d5" executionId="19331355-3c8f-4ca3-9839-3d97a89f5c8b" testListId="8c84fa94-04c1-424b-9868-57a2d4851a1d" />
    <TestEntry testId="e6aa1db8-79bb-5f9e-f506-6e6015603603" executionId="91fd9bfa-d593-4b67-b57a-54ec4e20122e" testListId="8c84fa94-04c1-424b-9868-57a2d4851a1d" />
    <TestEntry testId="dd69ca11-8574-49f6-142c-a0d7db5e68b0" executionId="e7f76923-6854-42a5-a9ab-ae7404083e75" testListId="8c84fa94-04c1-424b-9868-57a2d4851a1d" />
    <TestEntry testId="a665ae80-d9ef-3d21-de02-f9894a2373ef" executionId="104896f2-bd02-49ef-8a1a-195b265c41b5" testListId="8c84fa94-04c1-424b-9868-57a2d4851a1d" />
  </TestEntries>
  <TestLists>
    <TestList name="Results Not in a List" id="8c84fa94-04c1-424b-9868-57a2d4851a1d" />
    <TestList name="All Loaded Results" id="19431567-8539-422a-85d7-44ee4e166bda" />
  </TestLists>
  <ResultSummary outcome="Completed">
    <Counters total="5" executed="5" passed="5" failed="0" error="0" timeout="0" aborted="0" inconclusive="0" passedButRunAborted="0" notRunnable="0" notExecuted="0" disconnected="0" warning="0" completed="0" inProgress="0" pending="0" />
    <Output>
      <StdOut>NUnit Adapter 3.10.0.21: Test execution started
Running all tests in /home/helpthx/mslearn-tailspin-spacegame-web/Tailspin.SpaceGame.Web.Tests/bin/Release/netcoreapp3.1/Tailspin.SpaceGame.Web.Tests.dll
NUnit3TestExecutor converted 5 of 5 NUnit test cases
NUnit Adapter 3.10.0.21: Test execution complete
</StdOut>
    </Output>
  </ResultSummary>
</TestRun>